<?xml version="1.0" encoding="UTF-8"?>
<testng-results skipped="0" failed="1" ignored="0" total="2" passed="1">
  <reporter-output>
    <line>
      <![CDATA[OrangeHRM Title is displayed]]>
    </line>
    <line>
      <![CDATA[UserName,Password and Login btn are avalaible]]>
    </line>
    <line>
      <![CDATA[OrangeHRM Admin page is displayed]]>
    </line>
    <line>
      <![CDATA[Welcome Sreekanth is displayed]]>
    </line>
    <line>
      <![CDATA[Logout is completed and OrangeHRM Home page is displayed]]>
    </line>
    <line>
      <![CDATA[close the browser]]>
    </line>
    <line>
      <![CDATA[OrangeHRM Title is displayed]]>
    </line>
    <line>
      <![CDATA[UserName,Password and Login btn are avalaible]]>
    </line>
    <line>
      <![CDATA[OrangeHRM Admin page is displayed]]>
    </line>
    <line>
      <![CDATA[Welcome Sreekanth is displayed]]>
    </line>
  </reporter-output>
  <suite name="Automation_OrgHrm" duration-ms="36849" started-at="2019-06-29T08:00:38Z" finished-at="2019-06-29T08:01:15Z">
    <groups>
    </groups>
    <test name="MDFW" duration-ms="36849" started-at="2019-06-29T08:00:38Z" finished-at="2019-06-29T08:01:15Z">
      <class name="com.orgHrm.TestScripts.TC1">
        <test-method status="PASS" signature="Adminlogin()[pri:0, instance:com.orgHrm.TestScripts.TC1@7dc7cbad]" name="Adminlogin" duration-ms="8654" started-at="2019-06-29T08:00:38Z" finished-at="2019-06-29T08:00:47Z">
          <reporter-output>
            <line>
              <![CDATA[OrangeHRM Title is displayed]]>
            </line>
            <line>
              <![CDATA[UserName,Password and Login btn are avalaible]]>
            </line>
            <line>
              <![CDATA[OrangeHRM Admin page is displayed]]>
            </line>
            <line>
              <![CDATA[Welcome Sreekanth is displayed]]>
            </line>
            <line>
              <![CDATA[Logout is completed and OrangeHRM Home page is displayed]]>
            </line>
            <line>
              <![CDATA[close the browser]]>
            </line>
          </reporter-output>
        </test-method> <!-- Adminlogin -->
      </class> <!-- com.orgHrm.TestScripts.TC1 -->
      <class name="com.orgHrm.TestScripts.TC2">
        <test-method status="FAIL" signature="EmpCreation()[pri:0, instance:com.orgHrm.TestScripts.TC2@548a9f61]" name="EmpCreation" duration-ms="28165" started-at="2019-06-29T08:00:47Z" finished-at="2019-06-29T08:01:15Z">
          <exception class="org.openqa.selenium.NoSuchElementException">
            <message>
              <![CDATA[Unable to locate element: Add Employee
For documentation on this error, please visit: https://www.seleniumhq.org/exceptions/no_such_element.html
Build info: version: '3.141.59', revision: 'e82be7d358', time: '2018-11-14T08:25:53'
System info: host: 'SRINU-PC', ip: '192.168.0.104', os.name: 'Windows 7', os.arch: 'amd64', os.version: '6.1', java.version: '1.8.0_181'
Driver info: org.openqa.selenium.firefox.FirefoxDriver
Capabilities {acceptInsecureCerts: true, browserName: firefox, browserVersion: 67.0.4, javascriptEnabled: true, moz:accessibilityChecks: false, moz:buildID: 20190619235627, moz:geckodriverVersion: 0.24.0, moz:headless: false, moz:processID: 7228, moz:profile: C:\Users\srinu\AppData\Loca..., moz:shutdownTimeout: 60000, moz:useNonSpecCompliantPointerOrigin: false, moz:webdriverClick: true, pageLoadStrategy: normal, platform: WINDOWS, platformName: WINDOWS, platformVersion: 6.1, rotatable: false, setWindowRect: true, strictFileInteractability: false, timeouts: {implicit: 0, pageLoad: 300000, script: 30000}, unhandledPromptBehavior: dismiss and notify}
Session ID: 0d99f828-7ec6-480e-b661-2ae759e2f1c9
*** Element info: {Using=link text, value=Add Employee}]]>
            </message>
            <full-stacktrace>
              <![CDATA[org.openqa.selenium.NoSuchElementException: Unable to locate element: Add Employee
For documentation on this error, please visit: https://www.seleniumhq.org/exceptions/no_such_element.html
Build info: version: '3.141.59', revision: 'e82be7d358', time: '2018-11-14T08:25:53'
System info: host: 'SRINU-PC', ip: '192.168.0.104', os.name: 'Windows 7', os.arch: 'amd64', os.version: '6.1', java.version: '1.8.0_181'
Driver info: org.openqa.selenium.firefox.FirefoxDriver
Capabilities {acceptInsecureCerts: true, browserName: firefox, browserVersion: 67.0.4, javascriptEnabled: true, moz:accessibilityChecks: false, moz:buildID: 20190619235627, moz:geckodriverVersion: 0.24.0, moz:headless: false, moz:processID: 7228, moz:profile: C:\Users\srinu\AppData\Loca..., moz:shutdownTimeout: 60000, moz:useNonSpecCompliantPointerOrigin: false, moz:webdriverClick: true, pageLoadStrategy: normal, platform: WINDOWS, platformName: WINDOWS, platformVersion: 6.1, rotatable: false, setWindowRect: true, strictFileInteractability: false, timeouts: {implicit: 0, pageLoad: 300000, script: 30000}, unhandledPromptBehavior: dismiss and notify}
Session ID: 0d99f828-7ec6-480e-b661-2ae759e2f1c9
*** Element info: {Using=link text, value=Add Employee}
at sun.reflect.NativeConstructorAccessorImpl.newInstance0(Native Method)
at sun.reflect.NativeConstructorAccessorImpl.newInstance(Unknown Source)
at sun.reflect.DelegatingConstructorAccessorImpl.newInstance(Unknown Source)
at java.lang.reflect.Constructor.newInstance(Unknown Source)
at org.openqa.selenium.remote.http.W3CHttpResponseCodec.createException(W3CHttpResponseCodec.java:187)
at org.openqa.selenium.remote.http.W3CHttpResponseCodec.decode(W3CHttpResponseCodec.java:122)
at org.openqa.selenium.remote.http.W3CHttpResponseCodec.decode(W3CHttpResponseCodec.java:49)
at org.openqa.selenium.remote.HttpCommandExecutor.execute(HttpCommandExecutor.java:158)
at org.openqa.selenium.remote.service.DriverCommandExecutor.execute(DriverCommandExecutor.java:83)
at org.openqa.selenium.remote.RemoteWebDriver.execute(RemoteWebDriver.java:552)
at org.openqa.selenium.remote.RemoteWebDriver.findElement(RemoteWebDriver.java:323)
at org.openqa.selenium.remote.RemoteWebDriver.findElementByLinkText(RemoteWebDriver.java:380)
at org.openqa.selenium.By$ByLinkText.findElement(By.java:220)
at org.openqa.selenium.remote.RemoteWebDriver.findElement(RemoteWebDriver.java:315)
at com.orgHrm.AppActions.AppFunc.empcreation(AppFunc.java:123)
at com.orgHrm.TestScripts.TC2.EmpCreation(TC2.java:21)
at sun.reflect.NativeMethodAccessorImpl.invoke0(Native Method)
at sun.reflect.NativeMethodAccessorImpl.invoke(Unknown Source)
at sun.reflect.DelegatingMethodAccessorImpl.invoke(Unknown Source)
at java.lang.reflect.Method.invoke(Unknown Source)
at org.testng.internal.MethodInvocationHelper.invokeMethod(MethodInvocationHelper.java:124)
at org.testng.internal.Invoker.invokeMethod(Invoker.java:580)
at org.testng.internal.Invoker.invokeTestMethod(Invoker.java:716)
at org.testng.internal.Invoker.invokeTestMethods(Invoker.java:988)
at org.testng.internal.TestMethodWorker.invokeTestMethods(TestMethodWorker.java:125)
at org.testng.internal.TestMethodWorker.run(TestMethodWorker.java:109)
at org.testng.TestRunner.privateRun(TestRunner.java:648)
at org.testng.TestRunner.run(TestRunner.java:505)
at org.testng.SuiteRunner.runTest(SuiteRunner.java:455)
at org.testng.SuiteRunner.runSequentially(SuiteRunner.java:450)
at org.testng.SuiteRunner.privateRun(SuiteRunner.java:415)
at org.testng.SuiteRunner.run(SuiteRunner.java:364)
at org.testng.SuiteRunnerWorker.runSuite(SuiteRunnerWorker.java:52)
at org.testng.SuiteRunnerWorker.run(SuiteRunnerWorker.java:84)
at org.testng.TestNG.runSuitesSequentially(TestNG.java:1208)
at org.testng.TestNG.runSuitesLocally(TestNG.java:1137)
at org.testng.TestNG.runSuites(TestNG.java:1049)
at org.testng.TestNG.run(TestNG.java:1017)
at org.testng.remote.AbstractRemoteTestNG.run(AbstractRemoteTestNG.java:114)
at org.testng.remote.RemoteTestNG.initAndRun(RemoteTestNG.java:251)
at org.testng.remote.RemoteTestNG.main(RemoteTestNG.java:77)
]]>
            </full-stacktrace>
          </exception> <!-- org.openqa.selenium.NoSuchElementException -->
          <reporter-output>
            <line>
              <![CDATA[OrangeHRM Title is displayed]]>
            </line>
            <line>
              <![CDATA[UserName,Password and Login btn are avalaible]]>
            </line>
            <line>
              <![CDATA[OrangeHRM Admin page is displayed]]>
            </line>
            <line>
              <![CDATA[Welcome Sreekanth is displayed]]>
            </line>
          </reporter-output>
        </test-method> <!-- EmpCreation -->
      </class> <!-- com.orgHrm.TestScripts.TC2 -->
    </test> <!-- MDFW -->
  </suite> <!-- Automation_OrgHrm -->
</testng-results>
